<?xml version="1.0" encoding="UTF-8" standalone="no"?><testsuite errors="0" failures="1" name="pruebas de calculadora" skipped="0" tests="1" time="0.13" timestamp="2024-05-20 12:26:03"><testcase name="prueba de resta"><failure message="&#13;&#10;Expected: a string containing &quot;10&quot;&#13;&#10;     but: was &quot;&lt;?xml version=&quot;1.0&quot; encoding=&quot;utf-8&quot;?&gt;&lt;soap:Envelope xmlns:soap=&quot;http://schemas.xmlsoap.org/soap/envelope/&quot; xmlns:xsi=&quot;http://www.w3.org/2001/XMLSchema-instance&quot; xmlns:xsd=&quot;http://www.w3.org/2001/XMLSchema&quot;&gt;&lt;soap:Body&gt;&lt;AddResponse xmlns=&quot;http://tempuri.org/&quot;&gt;&lt;AddResult&gt;0&lt;/AddResult&gt;&lt;/AddResponse&gt;&lt;/soap:Body&gt;&lt;/soap:Envelope&gt;&quot;" type="java.lang.AssertionError">&#13;
Expected: a string containing "10"&#13;
     but: was "&lt;?xml version="1.0" encoding="utf-8"?&gt;&lt;soap:Envelope xmlns:soap="http://schemas.xmlsoap.org/soap/envelope/" xmlns:xsi="http://www.w3.org/2001/XMLSchema-instance" xmlns:xsd="http://www.w3.org/2001/XMLSchema"&gt;&lt;soap:Body&gt;&lt;AddResponse xmlns="http://tempuri.org/"&gt;&lt;AddResult&gt;0&lt;/AddResult&gt;&lt;/AddResponse&gt;&lt;/soap:Body&gt;&lt;/soap:Envelope&gt;"</failure><system-err>&#13;
Expected: a string containing "10"&#13;
     but: was "&lt;?xml version="1.0" encoding="utf-8"?&gt;&lt;soap:Envelope xmlns:soap="http://schemas.xmlsoap.org/soap/envelope/" xmlns:xsi="http://www.w3.org/2001/XMLSchema-instance" xmlns:xsd="http://www.w3.org/2001/XMLSchema"&gt;&lt;soap:Body&gt;&lt;AddResponse xmlns="http://tempuri.org/"&gt;&lt;AddResult&gt;0&lt;/AddResult&gt;&lt;/AddResponse&gt;&lt;/soap:Body&gt;&lt;/soap:Envelope&gt;"&#13;
co.com.sofka.stepdefinitions.soapservices.SoapRestaStepDefinition.deberiaObtenerElResultadoDeLaResta(SoapRestaStepDefinition.java:45)&#13;
io.cucumber.java.Invoker.doInvoke(Invoker.java:66)&#13;
io.cucumber.java.Invoker.invoke(Invoker.java:24)&#13;
io.cucumber.java.AbstractGlueDefinition.invokeMethod(AbstractGlueDefinition.java:47)&#13;
io.cucumber.java.JavaStepDefinition.execute(JavaStepDefinition.java:29)&#13;
io.cucumber.core.runner.CoreStepDefinition.execute(CoreStepDefinition.java:66)&#13;
io.cucumber.core.runner.PickleStepDefinitionMatch.runStep(PickleStepDefinitionMatch.java:63)&#13;
io.cucumber.core.runner.TestStep.executeStep(TestStep.java:84)&#13;
io.cucumber.core.runner.TestStep.run(TestStep.java:56)&#13;
io.cucumber.core.runner.PickleStepTestStep.run(PickleStepTestStep.java:51)&#13;
io.cucumber.core.runner.TestCase.run(TestCase.java:84)&#13;
io.cucumber.core.runner.Runner.runPickle(Runner.java:75)&#13;
io.cucumber.core.runtime.CucumberExecutionContext.lambda$runTestCase$5(CucumberExecutionContext.java:137)&#13;
io.cucumber.core.runtime.RethrowingThrowableCollector.executeAndThrow(RethrowingThrowableCollector.java:23)&#13;
io.cucumber.core.runtime.CucumberExecutionContext.runTestCase(CucumberExecutionContext.java:137)&#13;
io.cucumber.junit.FeatureRunner.runChild(FeatureRunner.java:144)&#13;
io.cucumber.junit.FeatureRunner.runChild(FeatureRunner.java:28)&#13;
io.cucumber.junit.FeatureRunner.run(FeatureRunner.java:137)&#13;
io.cucumber.junit.CucumberSerenityBaseRunner.runChild(CucumberSerenityBaseRunner.java:332)&#13;
io.cucumber.junit.CucumberSerenityBaseRunner.runChild(CucumberSerenityBaseRunner.java:53)&#13;
</system-err></testcase></testsuite>